<?xml version="1.0" encoding="UTF-8"?>
<testng-results total="1" passed="1" failed="0" skipped="0">
  <reporter-output>
  </reporter-output>
  <suite started-at="2023-07-28T14:17:08Z" name="Default suite" finished-at="2023-07-28T14:17:08Z" duration-ms="32">
    <groups>
    </groups>
    <test started-at="2023-07-28T14:17:08Z" name="Default test" finished-at="2023-07-28T14:17:08Z" duration-ms="32">
      <class name="vtigerTestScript.BaseTestCase">
        <test-method is-config="true" signature="GenerateReport()[pri:0, instance:vtigerTestScript.BaseTestCase@479460a6]" started-at="2023-07-28T19:47:08Z" name="GenerateReport" finished-at="2023-07-28T19:47:08Z" duration-ms="11" status="PASS">
          <reporter-output>
          </reporter-output>
        </test-method> <!-- GenerateReport -->
        <test-method is-config="true" signature="ConnectToDetaBase()[pri:0, instance:vtigerTestScript.BaseTestCase@479460a6]" started-at="2023-07-28T19:47:08Z" name="ConnectToDetaBase" finished-at="2023-07-28T19:47:08Z" duration-ms="1" status="PASS">
          <reporter-output>
          </reporter-output>
        </test-method> <!-- ConnectToDetaBase -->
        <test-method is-config="true" signature="launchBrowser()[pri:0, instance:vtigerTestScript.BaseTestCase@479460a6]" started-at="2023-07-28T19:47:08Z" name="launchBrowser" finished-at="2023-07-28T19:47:08Z" duration-ms="1" status="PASS">
          <reporter-output>
          </reporter-output>
        </test-method> <!-- launchBrowser -->
        <test-method is-config="true" signature="loginBrowser()[pri:0, instance:vtigerTestScript.BaseTestCase@479460a6]" started-at="2023-07-28T19:47:08Z" name="loginBrowser" finished-at="2023-07-28T19:47:08Z" duration-ms="0" status="PASS">
          <reporter-output>
          </reporter-output>
        </test-method> <!-- loginBrowser -->
        <test-method signature="test()[pri:0, instance:vtigerTestScript.BaseTestCase@479460a6]" started-at="2023-07-28T19:47:08Z" name="test" finished-at="2023-07-28T19:47:08Z" duration-ms="10" status="PASS">
          <reporter-output>
          </reporter-output>
        </test-method> <!-- test -->
      </class> <!-- vtigerTestScript.BaseTestCase -->
    </test> <!-- Default test -->
  </suite> <!-- Default suite -->
</testng-results>
